<?xml version="1.0" encoding="UTF-8"?>
<testsuite name="basicSelenium.BasicCreateProjectTest" tests="1" skipped="0" failures="0" errors="0" timestamp="2021-03-08T11:38:08" hostname="LAPTOP-HH7NTBFA" time="21.545">
  <properties/>
  <testcase name="loginTodoLy" classname="basicSelenium.BasicCreateProjectTest" time="21.545"/>
  <system-out><![CDATA[]]></system-out>
  <system-err><![CDATA[Starting ChromeDriver 88.0.4324.96 (68dba2d8a0b149a1d3afac56fa74648032bcf46b-refs/branch-heads/4324@{#1784}) on port 20758
Only local connections are allowed.
Please see https://chromedriver.chromium.org/security-considerations for suggestions on keeping ChromeDriver safe.
ChromeDriver was started successfully.
mar. 08, 2021 5:38:10 A. M. org.openqa.selenium.remote.ProtocolHandshake createSession
INFO: Detected dialect: W3C
]]></system-err>
</testsuite>
